[2025-02-09 01:45:14] local.ERROR: There are no commands defined in the "filament" namespace. {"exception":"[object] (Symfony\\Component\\Console\\Exception\\NamespaceNotFoundException(code: 0): There are no commands defined in the \"filament\" namespace. at C:\\laragon\\www\\kegiatan_exstrakulikuler_SMKAlhafidz\\vendor\\symfony\\console\\Application.php:660)
[stacktrace]
#0 C:\\laragon\\www\\kegiatan_exstrakulikuler_SMKAlhafidz\\vendor\\symfony\\console\\Application.php(709): Symfony\\Component\\Console\\Application->findNamespace('filament')
#1 C:\\laragon\\www\\kegiatan_exstrakulikuler_SMKAlhafidz\\vendor\\symfony\\console\\Application.php(284): Symfony\\Component\\Console\\Application->find('filament:instal...')
#2 C:\\laragon\\www\\kegiatan_exstrakulikuler_SMKAlhafidz\\vendor\\symfony\\console\\Application.php(193): Symfony\\Component\\Console\\Application->doRun(Object(Symfony\\Component\\Console\\Input\\ArgvInput), Object(Symfony\\Component\\Console\\Output\\ConsoleOutput))
#3 C:\\laragon\\www\\kegiatan_exstrakulikuler_SMKAlhafidz\\vendor\\laravel\\framework\\src\\Illuminate\\Foundation\\Console\\Kernel.php(198): Symfony\\Component\\Console\\Application->run(Object(Symfony\\Component\\Console\\Input\\ArgvInput), Object(Symfony\\Component\\Console\\Output\\ConsoleOutput))
#4 C:\\laragon\\www\\kegiatan_exstrakulikuler_SMKAlhafidz\\vendor\\laravel\\framework\\src\\Illuminate\\Foundation\\Application.php(1231): Illuminate\\Foundation\\Console\\Kernel->handle(Object(Symfony\\Component\\Console\\Input\\ArgvInput), Object(Symfony\\Component\\Console\\Output\\ConsoleOutput))
#5 C:\\laragon\\www\\kegiatan_exstrakulikuler_SMKAlhafidz\\artisan(13): Illuminate\\Foundation\\Application->handleCommand(Object(Symfony\\Component\\Console\\Input\\ArgvInput))
#6 {main}
"} 
[2025-02-09 01:45:57] local.ERROR: There are no commands defined in the "filament" namespace. {"exception":"[object] (Symfony\\Component\\Console\\Exception\\NamespaceNotFoundException(code: 0): There are no commands defined in the \"filament\" namespace. at C:\\laragon\\www\\kegiatan_exstrakulikuler_SMKAlhafidz\\vendor\\symfony\\console\\Application.php:660)
[stacktrace]
#0 C:\\laragon\\www\\kegiatan_exstrakulikuler_SMKAlhafidz\\vendor\\symfony\\console\\Application.php(709): Symfony\\Component\\Console\\Application->findNamespace('filament')
#1 C:\\laragon\\www\\kegiatan_exstrakulikuler_SMKAlhafidz\\vendor\\symfony\\console\\Application.php(284): Symfony\\Component\\Console\\Application->find('filament:instal...')
#2 C:\\laragon\\www\\kegiatan_exstrakulikuler_SMKAlhafidz\\vendor\\symfony\\console\\Application.php(193): Symfony\\Component\\Console\\Application->doRun(Object(Symfony\\Component\\Console\\Input\\ArgvInput), Object(Symfony\\Component\\Console\\Output\\ConsoleOutput))
#3 C:\\laragon\\www\\kegiatan_exstrakulikuler_SMKAlhafidz\\vendor\\laravel\\framework\\src\\Illuminate\\Foundation\\Console\\Kernel.php(198): Symfony\\Component\\Console\\Application->run(Object(Symfony\\Component\\Console\\Input\\ArgvInput), Object(Symfony\\Component\\Console\\Output\\ConsoleOutput))
#4 C:\\laragon\\www\\kegiatan_exstrakulikuler_SMKAlhafidz\\vendor\\laravel\\framework\\src\\Illuminate\\Foundation\\Application.php(1231): Illuminate\\Foundation\\Console\\Kernel->handle(Object(Symfony\\Component\\Console\\Input\\ArgvInput), Object(Symfony\\Component\\Console\\Output\\ConsoleOutput))
#5 C:\\laragon\\www\\kegiatan_exstrakulikuler_SMKAlhafidz\\artisan(13): Illuminate\\Foundation\\Application->handleCommand(Object(Symfony\\Component\\Console\\Input\\ArgvInput))
#6 {main}
"} 
[2025-02-09 01:47:22] local.ERROR: Command "models" is not defined.

Did you mean one of these?
    model:prune
    model:show {"exception":"[object] (Symfony\\Component\\Console\\Exception\\CommandNotFoundException(code: 0): Command \"models\" is not defined.

Did you mean one of these?
    model:prune
    model:show at C:\\laragon\\www\\kegiatan_exstrakulikuler_SMKAlhafidz\\vendor\\symfony\\console\\Application.php:726)
[stacktrace]
#0 C:\\laragon\\www\\kegiatan_exstrakulikuler_SMKAlhafidz\\vendor\\symfony\\console\\Application.php(284): Symfony\\Component\\Console\\Application->find('models')
#1 C:\\laragon\\www\\kegiatan_exstrakulikuler_SMKAlhafidz\\vendor\\symfony\\console\\Application.php(193): Symfony\\Component\\Console\\Application->doRun(Object(Symfony\\Component\\Console\\Input\\ArgvInput), Object(Symfony\\Component\\Console\\Output\\ConsoleOutput))
#2 C:\\laragon\\www\\kegiatan_exstrakulikuler_SMKAlhafidz\\vendor\\laravel\\framework\\src\\Illuminate\\Foundation\\Console\\Kernel.php(198): Symfony\\Component\\Console\\Application->run(Object(Symfony\\Component\\Console\\Input\\ArgvInput), Object(Symfony\\Component\\Console\\Output\\ConsoleOutput))
#3 C:\\laragon\\www\\kegiatan_exstrakulikuler_SMKAlhafidz\\vendor\\laravel\\framework\\src\\Illuminate\\Foundation\\Application.php(1231): Illuminate\\Foundation\\Console\\Kernel->handle(Object(Symfony\\Component\\Console\\Input\\ArgvInput), Object(Symfony\\Component\\Console\\Output\\ConsoleOutput))
#4 C:\\laragon\\www\\kegiatan_exstrakulikuler_SMKAlhafidz\\artisan(13): Illuminate\\Foundation\\Application->handleCommand(Object(Symfony\\Component\\Console\\Input\\ArgvInput))
#5 {main}
"} 
[2025-02-09 01:48:06] local.ERROR: Command "make:models" is not defined.

Did you mean one of these?
    make:cache-table
    make:cast
    make:channel
    make:class
    make:command
    make:component
    make:controller
    make:enum
    make:event
    make:exception
    make:factory
    make:interface
    make:job
    make:job-middleware
    make:listener
    make:mail
    make:middleware
    make:migration
    make:model
    make:notification
    make:notifications-table
    make:observer
    make:policy
    make:provider
    make:queue-batches-table
    make:queue-failed-table
    make:queue-table
    make:request
    make:resource
    make:rule
    make:scope
    make:seeder
    make:session-table
    make:test
    make:trait
    make:view {"exception":"[object] (Symfony\\Component\\Console\\Exception\\CommandNotFoundException(code: 0): Command \"make:models\" is not defined.

Did you mean one of these?
    make:cache-table
    make:cast
    make:channel
    make:class
    make:command
    make:component
    make:controller
    make:enum
    make:event
    make:exception
    make:factory
    make:interface
    make:job
    make:job-middleware
    make:listener
    make:mail
    make:middleware
    make:migration
    make:model
    make:notification
    make:notifications-table
    make:observer
    make:policy
    make:provider
    make:queue-batches-table
    make:queue-failed-table
    make:queue-table
    make:request
    make:resource
    make:rule
    make:scope
    make:seeder
    make:session-table
    make:test
    make:trait
    make:view at C:\\laragon\\www\\kegiatan_exstrakulikuler_SMKAlhafidz\\vendor\\symfony\\console\\Application.php:726)
[stacktrace]
#0 C:\\laragon\\www\\kegiatan_exstrakulikuler_SMKAlhafidz\\vendor\\symfony\\console\\Application.php(284): Symfony\\Component\\Console\\Application->find('make:models')
#1 C:\\laragon\\www\\kegiatan_exstrakulikuler_SMKAlhafidz\\vendor\\symfony\\console\\Application.php(193): Symfony\\Component\\Console\\Application->doRun(Object(Symfony\\Component\\Console\\Input\\ArgvInput), Object(Symfony\\Component\\Console\\Output\\ConsoleOutput))
#2 C:\\laragon\\www\\kegiatan_exstrakulikuler_SMKAlhafidz\\vendor\\laravel\\framework\\src\\Illuminate\\Foundation\\Console\\Kernel.php(198): Symfony\\Component\\Console\\Application->run(Object(Symfony\\Component\\Console\\Input\\ArgvInput), Object(Symfony\\Component\\Console\\Output\\ConsoleOutput))
#3 C:\\laragon\\www\\kegiatan_exstrakulikuler_SMKAlhafidz\\vendor\\laravel\\framework\\src\\Illuminate\\Foundation\\Application.php(1231): Illuminate\\Foundation\\Console\\Kernel->handle(Object(Symfony\\Component\\Console\\Input\\ArgvInput), Object(Symfony\\Component\\Console\\Output\\ConsoleOutput))
#4 C:\\laragon\\www\\kegiatan_exstrakulikuler_SMKAlhafidz\\artisan(13): Illuminate\\Foundation\\Application->handleCommand(Object(Symfony\\Component\\Console\\Input\\ArgvInput))
#5 {main}
"} 
[2025-02-09 01:52:23] local.ERROR: There are no commands defined in the "meke" namespace.

Did you mean this?
    make {"exception":"[object] (Symfony\\Component\\Console\\Exception\\NamespaceNotFoundException(code: 0): There are no commands defined in the \"meke\" namespace.

Did you mean this?
    make at C:\\laragon\\www\\kegiatan_exstrakulikuler_SMKAlhafidz\\vendor\\symfony\\console\\Application.php:660)
[stacktrace]
#0 C:\\laragon\\www\\kegiatan_exstrakulikuler_SMKAlhafidz\\vendor\\symfony\\console\\Application.php(709): Symfony\\Component\\Console\\Application->findNamespace('meke')
#1 C:\\laragon\\www\\kegiatan_exstrakulikuler_SMKAlhafidz\\vendor\\symfony\\console\\Application.php(284): Symfony\\Component\\Console\\Application->find('meke:filament-u...')
#2 C:\\laragon\\www\\kegiatan_exstrakulikuler_SMKAlhafidz\\vendor\\symfony\\console\\Application.php(193): Symfony\\Component\\Console\\Application->doRun(Object(Symfony\\Component\\Console\\Input\\ArgvInput), Object(Symfony\\Component\\Console\\Output\\ConsoleOutput))
#3 C:\\laragon\\www\\kegiatan_exstrakulikuler_SMKAlhafidz\\vendor\\laravel\\framework\\src\\Illuminate\\Foundation\\Console\\Kernel.php(198): Symfony\\Component\\Console\\Application->run(Object(Symfony\\Component\\Console\\Input\\ArgvInput), Object(Symfony\\Component\\Console\\Output\\ConsoleOutput))
#4 C:\\laragon\\www\\kegiatan_exstrakulikuler_SMKAlhafidz\\vendor\\laravel\\framework\\src\\Illuminate\\Foundation\\Application.php(1231): Illuminate\\Foundation\\Console\\Kernel->handle(Object(Symfony\\Component\\Console\\Input\\ArgvInput), Object(Symfony\\Component\\Console\\Output\\ConsoleOutput))
#5 C:\\laragon\\www\\kegiatan_exstrakulikuler_SMKAlhafidz\\artisan(13): Illuminate\\Foundation\\Application->handleCommand(Object(Symfony\\Component\\Console\\Input\\ArgvInput))
#6 {main}
"} 
[2025-02-09 01:52:32] local.ERROR: Command "make:filament-user" is not defined.

Did you mean one of these?
    make:cache-table
    make:cast
    make:channel
    make:class
    make:command
    make:component
    make:controller
    make:enum
    make:event
    make:exception
    make:factory
    make:interface
    make:job
    make:job-middleware
    make:listener
    make:mail
    make:middleware
    make:migration
    make:model
    make:notification
    make:notifications-table
    make:observer
    make:policy
    make:provider
    make:queue-batches-table
    make:queue-failed-table
    make:queue-table
    make:request
    make:resource
    make:rule
    make:scope
    make:seeder
    make:session-table
    make:test
    make:trait
    make:view {"exception":"[object] (Symfony\\Component\\Console\\Exception\\CommandNotFoundException(code: 0): Command \"make:filament-user\" is not defined.

Did you mean one of these?
    make:cache-table
    make:cast
    make:channel
    make:class
    make:command
    make:component
    make:controller
    make:enum
    make:event
    make:exception
    make:factory
    make:interface
    make:job
    make:job-middleware
    make:listener
    make:mail
    make:middleware
    make:migration
    make:model
    make:notification
    make:notifications-table
    make:observer
    make:policy
    make:provider
    make:queue-batches-table
    make:queue-failed-table
    make:queue-table
    make:request
    make:resource
    make:rule
    make:scope
    make:seeder
    make:session-table
    make:test
    make:trait
    make:view at C:\\laragon\\www\\kegiatan_exstrakulikuler_SMKAlhafidz\\vendor\\symfony\\console\\Application.php:726)
[stacktrace]
#0 C:\\laragon\\www\\kegiatan_exstrakulikuler_SMKAlhafidz\\vendor\\symfony\\console\\Application.php(284): Symfony\\Component\\Console\\Application->find('make:filament-u...')
#1 C:\\laragon\\www\\kegiatan_exstrakulikuler_SMKAlhafidz\\vendor\\symfony\\console\\Application.php(193): Symfony\\Component\\Console\\Application->doRun(Object(Symfony\\Component\\Console\\Input\\ArgvInput), Object(Symfony\\Component\\Console\\Output\\ConsoleOutput))
#2 C:\\laragon\\www\\kegiatan_exstrakulikuler_SMKAlhafidz\\vendor\\laravel\\framework\\src\\Illuminate\\Foundation\\Console\\Kernel.php(198): Symfony\\Component\\Console\\Application->run(Object(Symfony\\Component\\Console\\Input\\ArgvInput), Object(Symfony\\Component\\Console\\Output\\ConsoleOutput))
#3 C:\\laragon\\www\\kegiatan_exstrakulikuler_SMKAlhafidz\\vendor\\laravel\\framework\\src\\Illuminate\\Foundation\\Application.php(1231): Illuminate\\Foundation\\Console\\Kernel->handle(Object(Symfony\\Component\\Console\\Input\\ArgvInput), Object(Symfony\\Component\\Console\\Output\\ConsoleOutput))
#4 C:\\laragon\\www\\kegiatan_exstrakulikuler_SMKAlhafidz\\artisan(13): Illuminate\\Foundation\\Application->handleCommand(Object(Symfony\\Component\\Console\\Input\\ArgvInput))
#5 {main}
"} 
